Mplus VERSION 8.9
MUTHEN & MUTHEN
09/29/2023   1:20 PM

INPUT INSTRUCTIONS

    TITLE: Mixture Modeling in Organizational Behavior Research
    !A title is not a required syntax component, but can be helpful to track files and resul
    DATA: FILE IS mplusdata.dat;
    VARIABLE:
    NAMES = hivstatus agedisp married trans work noknowhiv centroidid age urban poorwq
    sch edu  unprotectedsex Eswatini Kenya Lesotho Malawi Namibia Tanzania Uganda
    Zambia Zimbabwe  partnerstatus knowstatus  firstsxage  d3years  d12months;
    USEVARIABLES = agedisp married trans work noknowhiv ;
    CATEGORICAL = agedisp married trans work noknowhiv ;
    AUXILIARY= age sch poorwq hivstatus urban edu unprotectedsex partnerstatus knowstatus
    firstsxage  d3years  d12months Eswatini Kenya Lesotho Malawi Namibia Tanzania Uganda
    Zambia Zimbabwe centroidid;
    ! CENSORED = ;
    ! COUNT = ;
    ! NOMINAL = ;
    MISSING = all (-999);
    CLASSES = C(3);
    ANALYSIS:
    TYPE = MIXTURE;
    ESTIMATOR = MLR;
    !LRTSTARTS = 0 0 500 200;
    OPTSEED=476295;
    LRTSTARTS = 0 0 1000 400;
    K-1STARTS = 100 25;
    LRTBOOTSTRAP = 500;
    !STARTS = 1000 250 ;
    !  PROCESS=8(STARTS);
    OUTPUT:  TECH11 TECH14;
    SAVEDATA:
    !FILE IS SAAIDS_step3.dat;
    !SAVE IS CPROB;



*** WARNING
  Input line exceeded 90 characters. Some input may be truncated.
    !A title is not a required syntax component, but can be helpful to track files and result
*** WARNING in VARIABLE command
  Note that only the first 8 characters of variable names are used in the output.
  Shorten variable names to avoid any confusion.
   2 WARNING(S) FOUND IN THE INPUT INSTRUCTIONS



Mixture Modeling in Organizational Behavior Research

SUMMARY OF ANALYSIS

Number of groups                                                 1
Number of observations                                        2761

Number of dependent variables                                    5
Number of independent variables                                  0
Number of continuous latent variables                            0
Number of categorical latent variables                           1

Observed dependent variables

  Binary and ordered categorical (ordinal)
   AGEDISP     MARRIED     TRANS       WORK        NOKNOWHI

Observed auxiliary variables
   AGE         SCH         POORWQ      HIVSTATUS   URBAN       EDU
   UNPROTECTE  PARTNERSTA  KNOWSTATUS  FIRSTSXAGE  D3YEARS     D12MONTHS
   ESWATINI    KENYA       LESOTHO     MALAWI      NAMIBIA     TANZANIA
   UGANDA      ZAMBIA      ZIMBABWE    CENTROIDID

Categorical latent variables
   C


Estimator                                                      MLR
Information matrix                                        OBSERVED
Optimization Specifications for the Quasi-Newton Algorithm for
Continuous Outcomes
  Maximum number of iterations                                 100
  Convergence criterion                                  0.100D-05
Optimization Specifications for the EM Algorithm
  Maximum number of iterations                                 500
  Convergence criteria
    Loglikelihood change                                 0.100D-06
    Relative loglikelihood change                        0.100D-06
    Derivative                                           0.100D-05
Optimization Specifications for the M step of the EM Algorithm for
Categorical Latent variables
  Number of M step iterations                                    1
  M step convergence criterion                           0.100D-05
  Basis for M step termination                           ITERATION
Optimization Specifications for the M step of the EM Algorithm for
Censored, Binary or Ordered Categorical (Ordinal), Unordered
Categorical (Nominal) and Count Outcomes
  Number of M step iterations                                    1
  M step convergence criterion                           0.100D-05
  Basis for M step termination                           ITERATION
  Maximum value for logit thresholds                            15
  Minimum value for logit thresholds                           -15
  Minimum expected cell size for chi-square              0.100D-01
Maximum number of iterations for H1                           2000
Convergence criterion for H1                             0.100D-03
Optimization algorithm                                         EMA
Random Starts Specifications
  Random seed for analysis                                  476295
Link                                                         LOGIT

Input data file(s)
  mplusdata.dat
Input data format  FREE


SUMMARY OF DATA

     Number of missing data patterns             6
     Number of y missing data patterns           0
     Number of u missing data patterns           6


COVARIANCE COVERAGE OF DATA

Minimum covariance coverage value   0.100


     PROPORTION OF DATA PRESENT FOR U


           Covariance Coverage
              AGEDISP       MARRIED       TRANS         WORK          NOKNOWHI
              ________      ________      ________      ________      ________
 AGEDISP        0.960
 MARRIED        0.957         0.997
 TRANS          0.958         0.995         0.997
 WORK           0.960         0.997         0.997         1.000
 NOKNOWHI       0.959         0.996         0.996         0.998         0.999


UNIVARIATE PROPORTIONS AND COUNTS FOR CATEGORICAL VARIABLES

    AGEDISP
      Category 1    0.466         1236.000
      Category 2    0.534         1415.000
    MARRIED
      Category 1    0.394         1085.000
      Category 2    0.606         1668.000
    TRANS
      Category 1    0.832         2291.000
      Category 2    0.168          463.000
    WORK
      Category 1    0.227          626.000
      Category 2    0.773         2134.000
    NOKNOWHI
      Category 1    0.551         1519.000
      Category 2    0.449         1238.000


     IN THE OPTIMIZATION, ONE OR MORE LOGIT THRESHOLDS APPROACHED EXTREME VALUES
     OF -15.000 AND 15.000 AND WERE FIXED TO STABILIZE MODEL ESTIMATION.  THESE
     VALUES IMPLY PROBABILITIES OF 0 AND 1.  IN THE MODEL RESULTS SECTION, THESE
     PARAMETERS HAVE 0 STANDARD ERRORS AND 999 IN THE Z-SCORE AND P-VALUE COLUMNS.




THE MODEL ESTIMATION TERMINATED NORMALLY



MODEL FIT INFORMATION

Number of Free Parameters                       17

Loglikelihood

          H0 Value                       -8238.196
          H0 Scaling Correction Factor      1.1122
            for MLR

Information Criteria

          Akaike (AIC)                   16510.391
          Bayesian (BIC)                 16611.088
          Sample-Size Adjusted BIC       16557.073
            (n* = (n + 2) / 24)

Chi-Square Test of Model Fit for the Binary and Ordered Categorical
(Ordinal) Outcomes

          Pearson Chi-Square

          Value                             24.745
          Degrees of Freedom                    14
          P-Value                           0.0372

          Likelihood Ratio Chi-Square

          Value                             26.059
          Degrees of Freedom                    14
          P-Value                           0.0254

Chi-Square Test for MCAR under the Unrestricted Latent Class Indicator Model

          Pearson Chi-Square

          Value                             75.316
          Degrees of Freedom                    75
          P-Value                           0.4680

          Likelihood Ratio Chi-Square

          Value                             66.634
          Degrees of Freedom                    75
          P-Value                           0.7438



FINAL CLASS COUNTS AND PROPORTIONS FOR THE LATENT CLASSES
BASED ON THE ESTIMATED MODEL

    Latent
   Classes

       1        240.07632          0.08695
       2       1696.43369          0.61443
       3        824.48998          0.29862


FINAL CLASS COUNTS AND PROPORTIONS FOR THE LATENT CLASSES
BASED ON ESTIMATED POSTERIOR PROBABILITIES

    Latent
   Classes

       1        240.07632          0.08695
       2       1696.43369          0.61443
       3        824.48998          0.29862


FINAL CLASS COUNTS AND PROPORTIONS FOR THE LATENT CLASSES
BASED ON THEIR MOST LIKELY LATENT CLASS MEMBERSHIP

Class Counts and Proportions

    Latent
   Classes

       1              150          0.05433
       2             1602          0.58022
       3             1009          0.36545


CLASSIFICATION QUALITY

     Entropy                         0.723


Average Latent Class Probabilities for Most Likely Latent Class Membership (Row)
by Latent Class (Column)

           1        2        3

    1   0.580    0.219    0.201
    2   0.063    0.936    0.001
    3   0.052    0.163    0.785


Classification Probabilities for the Most Likely Latent Class Membership (Column)
by Latent Class (Row)

           1        2        3

    1   0.363    0.420    0.218
    2   0.019    0.884    0.097
    3   0.037    0.003    0.961


Logits for the Classification Probabilities for the Most Likely Latent Class Membership (Column)
by Latent Class (Row)

              1        2        3

    1      0.510    0.657    0.000
    2     -1.613    2.209    0.000
    3     -3.269   -5.854    0.000


MODEL RESULTS

                                                    Two-Tailed
                    Estimate       S.E.  Est./S.E.    P-Value

Latent Class 1

 Thresholds
    AGEDISP$1         -0.605      0.264     -2.294      0.022
    MARRIED$1         -0.485      1.139     -0.426      0.670
    TRANS$1            0.697      0.833      0.837      0.403
    WORK$1            15.000      0.000    999.000    999.000
    NOKNOWHI$1         0.448      0.327      1.371      0.170

Latent Class 2

 Thresholds
    AGEDISP$1         -0.319      0.069     -4.613      0.000
    MARRIED$1         -2.178      2.017     -1.080      0.280
    TRANS$1            2.017      0.087     23.141      0.000
    WORK$1            -1.797      0.719     -2.499      0.012
    NOKNOWHI$1         0.326      0.064      5.069      0.000

Latent Class 3

 Thresholds
    AGEDISP$1          0.387      0.307      1.262      0.207
    MARRIED$1         15.000      0.000    999.000    999.000
    TRANS$1            1.240      0.343      3.616      0.000
    WORK$1            -1.546      0.381     -4.060      0.000
    NOKNOWHI$1        -0.112      0.182     -0.615      0.538

Categorical Latent Variables

 Means
    C#1               -1.234      0.983     -1.255      0.210
    C#2                0.722      0.540      1.336      0.181


QUALITY OF NUMERICAL RESULTS

     Condition Number for the Information Matrix              0.624E-03
       (ratio of smallest to largest eigenvalue)


RESULTS IN PROBABILITY SCALE

                                                    Two-Tailed
                    Estimate       S.E.  Est./S.E.    P-Value

Latent Class 1

 AGEDISP
    Category 1         0.353      0.060      5.862      0.000
    Category 2         0.647      0.060     10.734      0.000
 MARRIED
    Category 1         0.381      0.269      1.418      0.156
    Category 2         0.619      0.269      2.304      0.021
 TRANS
    Category 1         0.667      0.185      3.611      0.000
    Category 2         0.333      0.185      1.799      0.072
 WORK
    Category 1         1.000      0.000      0.000      1.000
    Category 2         0.000      0.000      0.000      1.000
 NOKNOWHIV
    Category 1         0.610      0.078      7.851      0.000
    Category 2         0.390      0.078      5.015      0.000

Latent Class 2

 AGEDISP
    Category 1         0.421      0.017     24.954      0.000
    Category 2         0.579      0.017     34.338      0.000
 MARRIED
    Category 1         0.102      0.184      0.552      0.581
    Category 2         0.898      0.184      4.876      0.000
 TRANS
    Category 1         0.883      0.009     97.705      0.000
    Category 2         0.117      0.009     12.998      0.000
 WORK
    Category 1         0.142      0.088      1.621      0.105
    Category 2         0.858      0.088      9.778      0.000
 NOKNOWHIV
    Category 1         0.581      0.016     37.068      0.000
    Category 2         0.419      0.016     26.748      0.000

Latent Class 3

 AGEDISP
    Category 1         0.596      0.074      8.054      0.000
    Category 2         0.404      0.074      5.467      0.000
 MARRIED
    Category 1         1.000      0.000      0.000      1.000
    Category 2         0.000      0.000      0.000      1.000
 TRANS
    Category 1         0.776      0.060     12.995      0.000
    Category 2         0.224      0.060      3.761      0.000
 WORK
    Category 1         0.176      0.055      3.186      0.001
    Category 2         0.824      0.055     14.951      0.000
 NOKNOWHIV
    Category 1         0.472      0.045     10.414      0.000
    Category 2         0.528      0.045     11.648      0.000


LATENT CLASS INDICATOR ODDS RATIOS FOR THE LATENT CLASSES

                                                95% C.I.
                    Estimate       S.E.  Lower 2.5% Upper 2.5%

Latent Class 1 Compared to Latent Class 2

 AGEDISP
    Category > 1       1.331      0.403      0.735      2.409
 MARRIED
    Category > 1       0.184      0.542      0.001     59.071
 TRANS
    Category > 1       3.745      3.092      0.742     18.893
 WORK
    Category > 1       0.000      0.000      0.000      0.000
 NOKNOWHI
    Category > 1       0.885      0.316      0.440      1.781

Latent Class 1 Compared to Latent Class 3

 AGEDISP
    Category > 1       2.698      1.337      1.021      7.125
 MARRIED
    Category > 1   *********      0.000  *********  *********
 TRANS
    Category > 1       1.722      1.920      0.193     15.327
 WORK
    Category > 1       0.000      0.000      0.000      0.000
 NOKNOWHI
    Category > 1       0.571      0.248      0.244      1.337

Latent Class 2 Compared to Latent Class 3

 AGEDISP
    Category > 1       2.027      0.572      1.166      3.526
 MARRIED
    Category > 1   *********      0.000  *********  *********
 TRANS
    Category > 1       0.460      0.170      0.222      0.951
 WORK
    Category > 1       1.285      1.255      0.190      8.711
 NOKNOWHI
    Category > 1       0.645      0.109      0.464      0.897


TECHNICAL 11 OUTPUT

     Random Starts Specifications for the k-1 Class Analysis Model
        Number of initial stage random starts                 100
        Number of final stage optimizations                    25



     VUONG-LO-MENDELL-RUBIN LIKELIHOOD RATIO TEST FOR 2 (H0) VERSUS 3 CLASSES

          H0 Loglikelihood Value                        -8250.740
          2 Times the Loglikelihood Difference             25.089
          Difference in the Number of Parameters                6
          Mean                                             11.865
          Standard Deviation                               14.102
          P-Value                                          0.1308

     LO-MENDELL-RUBIN ADJUSTED LRT TEST

          Value                                            24.572
          P-Value                                          0.1357


TECHNICAL 14 OUTPUT

     Random Starts Specifications for the k-1 Class Analysis Model
        Number of initial stage random starts                 100
        Number of final stage optimizations                    25

     Random Starts Specification for the k-1 Class Model for Generated Data
        Number of initial stage random starts                   0
        Number of final stage optimizations for the
           initial stage random starts                          0
     Random Starts Specification for the k Class Model for Generated Data
        Number of initial stage random starts                1000
        Number of final stage optimizations                   400
     Number of bootstrap draws requested                      500


     PARAMETRIC BOOTSTRAPPED LIKELIHOOD RATIO TEST FOR 2 (H0) VERSUS 3 CLASSES

          H0 Loglikelihood Value                        -8250.740
          2 Times the Loglikelihood Difference             25.089
          Difference in the Number of Parameters                6
          Approximate P-Value                              0.0060
          Successful Bootstrap Draws                          500


DIAGRAM INFORMATION

  Mplus diagrams are currently not available for Mixture analysis.
  No diagram output was produced.


     Beginning Time:  13:20:09
        Ending Time:  13:47:14
       Elapsed Time:  00:27:05



MUTHEN & MUTHEN
3463 Stoner Ave.
Los Angeles, CA  90066

Tel: (310) 391-9971
Fax: (310) 391-8971
Web: www.StatModel.com
Support: Support@StatModel.com

Copyright (c) 1998-2023 Muthen & Muthen
